<?xml version="1.0" encoding="UTF-8"?>
<testng-results ignored="0" total="1" passed="1" failed="0" skipped="0">
  <reporter-output>
  </reporter-output>
  <suite started-at="2022-08-27T17:45:16 IST" name="Default suite" finished-at="2022-08-27T17:45:18 IST" duration-ms="1569">
    <groups>
    </groups>
    <test started-at="2022-08-27T17:45:16 IST" name="Default test" finished-at="2022-08-27T17:45:18 IST" duration-ms="1569">
      <class name="pojoRahulShetty.ReqSpecBuilder">
        <test-method signature="testPostAPI()[pri:0, instance:pojoRahulShetty.ReqSpecBuilder@76908cc0]" started-at="2022-08-27T17:45:16 IST" name="testPostAPI" finished-at="2022-08-27T17:45:18 IST" duration-ms="1543" status="PASS">
          <reporter-output>
          </reporter-output>
        </test-method> <!-- testPostAPI -->
      </class> <!-- pojoRahulShetty.ReqSpecBuilder -->
    </test> <!-- Default test -->
  </suite> <!-- Default suite -->
</testng-results>
